<?xml version="1.0" encoding="UTF-8"?>
<!-- Generated by org.testng.reporters.JUnitReportReporter -->
<testsuite hostname="DESKTOP-1NB2K1E" failures="0" tests="1" name="com.qa.keyWordPro.Test.loginTest" time="15.290" errors="0" timestamp="2020-03-14T18:55:07 EDT" skipped="0">
  <testcase classname="com.qa.keyWordPro.Test.loginTest" name="LoginTest" time="15.290"/>
  <system-out/>
</testsuite> <!-- com.qa.keyWordPro.Test.loginTest -->
